WARNING:tensorflow:From /usr/lusers/akaptano/.conda/envs/tensorflowenv/lib/python3.8/site-packages/tensorflow/python/compat/v2_compat.py:96: disable_resource_variables (from tensorflow.python.ops.variable_scope) is deprecated and will be removed in a future version.
Instructions for updating:
non-resource variables are not supported in the long term
Using TensorFlow 2 backend.

Warning: 10000 points required, but 10100 points sampled.
Compiling model...
Building feed-forward neural network...
'build' took 0.100104 s

2021-05-30 13:24:53.256006: I tensorflow/core/platform/cpu_feature_guard.cc:142] This TensorFlow binary is optimized with oneAPI Deep Neural Network Library (oneDNN) to use the following CPU instructions in performance-critical operations:  SSE4.1 SSE4.2 AVX AVX2 FMA
To enable them in other operations, rebuild TensorFlow with the appropriate compiler flags.
'compile' took 1.537877 s

2021-05-30 13:24:54.743092: I tensorflow/core/platform/profile_utils/cpu_utils.cc:114] CPU Frequency: 2399845000 Hz
Initializing variables...
Training model...

Step      Train loss                        Test loss                         Test metric   
0         [4.37e+02, 4.79e-13, 9.86e-03]    [1.90e+02, 0.00e+00, 0.00e+00]    [1.12e+00]    
1000      [2.97e-03, 2.68e-18, 6.48e-03]    [1.59e-03, 0.00e+00, 0.00e+00]    [9.03e-01]    
2000      [8.33e-04, 2.84e-19, 5.94e-03]    [7.15e-04, 0.00e+00, 0.00e+00]    [8.65e-01]    
3000      [3.17e-03, 1.90e-18, 5.84e-03]    [1.73e-03, 0.00e+00, 0.00e+00]    [8.58e-01]    
4000      [1.13e-03, 5.85e-19, 5.65e-03]    [8.29e-04, 0.00e+00, 0.00e+00]    [8.43e-01]    
5000      [7.15e-01, 8.03e-16, 5.50e-03]    [3.11e-01, 0.00e+00, 0.00e+00]    [8.32e-01]    

Best model at step 2000:
  train loss: 6.77e-03
  test loss: 7.15e-04
  test metric: [8.65e-01]

'train' took 643.782416 s

Compiling model...
'compile' took 0.762734 s

Training model...

Step      Train loss                        Test loss                         Test metric   
5000      [7.15e-01, 8.03e-16, 5.50e-03]    [3.11e-01, 0.00e+00, 0.00e+00]    [8.32e-01]    
5323      [1.31e-03, 5.09e-19, 3.56e-03]    [1.27e-03, 0.00e+00, 0.00e+00]    [6.75e-01]    

Best model at step 5323:
  train loss: 4.87e-03
  test loss: 1.27e-03
  test metric: [6.75e-01]

'train' took 42.312589 s

/usr/lusers/akaptano/.conda/envs/tensorflowenv/lib/python3.8/site-packages/tensorflow/python/keras/legacy_tf_layers/core.py:171: UserWarning: `tf.layers.dense` is deprecated and will be removed in a future version. Please use `tf.keras.layers.Dense` instead.
  warnings.warn('`tf.layers.dense` is deprecated and '
/usr/lusers/akaptano/.conda/envs/tensorflowenv/lib/python3.8/site-packages/tensorflow/python/keras/engine/base_layer_v1.py:1692: UserWarning: `layer.apply` is deprecated and will be removed in a future version. Please use `layer.__call__` method instead.
  warnings.warn('`layer.apply` is deprecated and '
Saving loss history to /gscratch/psicenter/akaptano/Psi-Tet-v2/deepxde/examples/loss.dat ...
Saving training data to /gscratch/psicenter/akaptano/Psi-Tet-v2/deepxde/examples/train.dat ...
Saving test data to /gscratch/psicenter/akaptano/Psi-Tet-v2/deepxde/examples/test.dat ...
(100, 100)
(10000, 2) (100, 100)
Accuracy
Mean residual: 0.029260902
