WARNING:tensorflow:From /usr/lusers/akaptano/.conda/envs/tensorflowenv/lib/python3.8/site-packages/tensorflow/python/compat/v2_compat.py:96: disable_resource_variables (from tensorflow.python.ops.variable_scope) is deprecated and will be removed in a future version.
Instructions for updating:
non-resource variables are not supported in the long term
Using TensorFlow 2 backend.

Warning: 10000 points required, but 10100 points sampled.
Compiling model...
Building feed-forward neural network...
'build' took 0.122629 s

2021-05-30 13:44:00.428282: I tensorflow/core/platform/cpu_feature_guard.cc:142] This TensorFlow binary is optimized with oneAPI Deep Neural Network Library (oneDNN) to use the following CPU instructions in performance-critical operations:  SSE4.1 SSE4.2 AVX AVX2 FMA
To enable them in other operations, rebuild TensorFlow with the appropriate compiler flags.
'compile' took 1.680010 s

2021-05-30 13:44:02.095762: I tensorflow/core/platform/profile_utils/cpu_utils.cc:114] CPU Frequency: 2399825000 Hz
Initializing variables...
Training model...

Step      Train loss                        Test loss                         Test metric   
0         [3.75e+00, 4.14e-15, 6.31e-03]    [1.63e+00, 0.00e+00, 0.00e+00]    [8.84e-01]    
1000      [2.83e-03, 2.46e-18, 5.83e-03]    [1.58e-03, 0.00e+00, 0.00e+00]    [8.57e-01]    
2000      [8.09e-04, 2.05e-19, 5.17e-03]    [7.37e-04, 0.00e+00, 0.00e+00]    [8.08e-01]    
3000      [4.12e-03, 3.75e-18, 5.69e-03]    [2.16e-03, 0.00e+00, 0.00e+00]    [8.46e-01]    
4000      [1.73e-03, 1.15e-18, 5.59e-03]    [1.12e-03, 0.00e+00, 0.00e+00]    [8.38e-01]    
5000      [8.75e-04, 2.49e-19, 5.55e-03]    [7.39e-04, 0.00e+00, 0.00e+00]    [8.36e-01]    

Best model at step 2000:
  train loss: 5.98e-03
  test loss: 7.37e-04
  test metric: [8.08e-01]

'train' took 832.220230 s

Compiling model...
'compile' took 0.920224 s

Training model...

Step      Train loss                        Test loss                         Test metric   
5000      [8.75e-04, 2.49e-19, 5.55e-03]    [7.39e-04, 0.00e+00, 0.00e+00]    [8.36e-01]    
5068      [7.59e-04, 1.42e-19, 5.57e-03]    [6.81e-04, 0.00e+00, 0.00e+00]    [8.37e-01]    

Best model at step 2000:
  train loss: 5.98e-03
  test loss: 7.37e-04
  test metric: [8.08e-01]

'train' took 12.467660 s

/usr/lusers/akaptano/.conda/envs/tensorflowenv/lib/python3.8/site-packages/tensorflow/python/keras/legacy_tf_layers/core.py:171: UserWarning: `tf.layers.dense` is deprecated and will be removed in a future version. Please use `tf.keras.layers.Dense` instead.
  warnings.warn('`tf.layers.dense` is deprecated and '
/usr/lusers/akaptano/.conda/envs/tensorflowenv/lib/python3.8/site-packages/tensorflow/python/keras/engine/base_layer_v1.py:1692: UserWarning: `layer.apply` is deprecated and will be removed in a future version. Please use `layer.__call__` method instead.
  warnings.warn('`layer.apply` is deprecated and '
Saving loss history to /gscratch/psicenter/akaptano/Psi-Tet-v2/deepxde/examples/loss.dat ...
Saving training data to /gscratch/psicenter/akaptano/Psi-Tet-v2/deepxde/examples/train.dat ...
Saving test data to /gscratch/psicenter/akaptano/Psi-Tet-v2/deepxde/examples/test.dat ...
(100, 100)
(10000, 2) (100, 100)
Accuracy
Mean residual: 0.01829089
