WARNING:tensorflow:From /usr/lusers/akaptano/.conda/envs/tensorflowenv/lib/python3.8/site-packages/tensorflow/python/compat/v2_compat.py:96: disable_resource_variables (from tensorflow.python.ops.variable_scope) is deprecated and will be removed in a future version.
Instructions for updating:
non-resource variables are not supported in the long term
Using TensorFlow 2 backend.

Warning: 10000 points required, but 10100 points sampled.
Compiling model...
Building feed-forward neural network...
'build' took 0.121006 s

2021-05-30 10:03:32.756580: I tensorflow/core/platform/cpu_feature_guard.cc:142] This TensorFlow binary is optimized with oneAPI Deep Neural Network Library (oneDNN) to use the following CPU instructions in performance-critical operations:  SSE4.1 SSE4.2 AVX AVX2 FMA
To enable them in other operations, rebuild TensorFlow with the appropriate compiler flags.
'compile' took 1.427082 s

2021-05-30 10:03:34.110605: I tensorflow/core/platform/profile_utils/cpu_utils.cc:114] CPU Frequency: 2400045000 Hz
Initializing variables...
Training model...

Step      Train loss              Test loss               Test metric   
0         [6.05e+01, 6.41e-10]    [2.57e+01, 0.00e+00]    [1.89e-01]    
1000      [9.24e-04, 9.56e-15]    [4.01e-04, 0.00e+00]    [9.85e-01]    
2000      [2.74e-04, 2.88e-15]    [1.17e-04, 0.00e+00]    [9.81e-01]    
3000      [3.17e-05, 3.30e-16]    [1.38e-05, 0.00e+00]    [9.89e-01]    
4000      [6.21e-07, 6.29e-18]    [2.88e-07, 0.00e+00]    [9.97e-01]    
5000      [2.01e-06, 2.11e-17]    [8.66e-07, 0.00e+00]    [9.97e-01]    

Best model at step 4000:
  train loss: 6.21e-07
  test loss: 2.88e-07
  test metric: [9.97e-01]

'train' took 640.872231 s

Compiling model...
'compile' took 0.754922 s

Training model...

Step      Train loss              Test loss               Test metric   
5000      [2.01e-06, 2.11e-17]    [8.66e-07, 0.00e+00]    [9.97e-01]    
5023      [2.01e-06, 2.11e-17]    [8.66e-07, 0.00e+00]    [9.97e-01]    

Best model at step 4000:
  train loss: 6.21e-07
  test loss: 2.88e-07
  test metric: [9.97e-01]

'train' took 4.146559 s

/usr/lusers/akaptano/.conda/envs/tensorflowenv/lib/python3.8/site-packages/tensorflow/python/keras/legacy_tf_layers/core.py:171: UserWarning: `tf.layers.dense` is deprecated and will be removed in a future version. Please use `tf.keras.layers.Dense` instead.
  warnings.warn('`tf.layers.dense` is deprecated and '
/usr/lusers/akaptano/.conda/envs/tensorflowenv/lib/python3.8/site-packages/tensorflow/python/keras/engine/base_layer_v1.py:1692: UserWarning: `layer.apply` is deprecated and will be removed in a future version. Please use `layer.__call__` method instead.
  warnings.warn('`layer.apply` is deprecated and '
Saving loss history to /gscratch/psicenter/akaptano/Psi-Tet-v2/deepxde/examples/loss.dat ...
Saving training data to /gscratch/psicenter/akaptano/Psi-Tet-v2/deepxde/examples/train.dat ...
Saving test data to /gscratch/psicenter/akaptano/Psi-Tet-v2/deepxde/examples/test.dat ...
(100, 100)
(10000, 2) (100, 100)
Accuracy
Mean residual: 0.00021362148
