WARNING:tensorflow:From /usr/lusers/akaptano/.conda/envs/tensorflowenv/lib/python3.8/site-packages/tensorflow/python/compat/v2_compat.py:96: disable_resource_variables (from tensorflow.python.ops.variable_scope) is deprecated and will be removed in a future version.
Instructions for updating:
non-resource variables are not supported in the long term
Using TensorFlow 2 backend.

Warning: 10000 points required, but 10100 points sampled.
Compiling model...
Building feed-forward neural network...
'build' took 0.098735 s

2021-05-30 12:09:21.757344: I tensorflow/core/platform/cpu_feature_guard.cc:142] This TensorFlow binary is optimized with oneAPI Deep Neural Network Library (oneDNN) to use the following CPU instructions in performance-critical operations:  SSE4.1 SSE4.2 AVX AVX2 FMA
To enable them in other operations, rebuild TensorFlow with the appropriate compiler flags.
'compile' took 1.499394 s

2021-05-30 12:09:23.204937: I tensorflow/core/platform/profile_utils/cpu_utils.cc:114] CPU Frequency: 2400045000 Hz
Initializing variables...
Training model...

Step      Train loss              Test loss               Test metric   
0         [2.26e-02, 2.29e-13]    [1.08e-02, 0.00e+00]    [1.12e+00]    
1000      [4.00e-05, 4.08e-16]    [1.76e-05, 0.00e+00]    [1.00e+00]    
2000      [5.09e-07, 2.44e-18]    [3.93e-07, 0.00e+00]    [1.00e+00]    
3000      [3.08e-07, 1.79e-18]    [2.17e-07, 0.00e+00]    [1.00e+00]    
4000      [3.61e-03, 3.82e-14]    [1.53e-03, 0.00e+00]    [1.00e+00]    
5000      [1.27e-07, 9.72e-19]    [7.59e-08, 0.00e+00]    [1.00e+00]    

Best model at step 5000:
  train loss: 1.27e-07
  test loss: 7.59e-08
  test metric: [1.00e+00]

'train' took 631.365544 s

Compiling model...
'compile' took 0.859199 s

Training model...

Step      Train loss              Test loss               Test metric   
5000      [1.27e-07, 9.72e-19]    [7.59e-08, 0.00e+00]    [1.00e+00]    
5013      [1.27e-07, 9.72e-19]    [7.59e-08, 0.00e+00]    [1.00e+00]    

Best model at step 5013:
  train loss: 1.27e-07
  test loss: 7.59e-08
  test metric: [1.00e+00]

'train' took 3.153453 s

/usr/lusers/akaptano/.conda/envs/tensorflowenv/lib/python3.8/site-packages/tensorflow/python/keras/legacy_tf_layers/core.py:171: UserWarning: `tf.layers.dense` is deprecated and will be removed in a future version. Please use `tf.keras.layers.Dense` instead.
  warnings.warn('`tf.layers.dense` is deprecated and '
/usr/lusers/akaptano/.conda/envs/tensorflowenv/lib/python3.8/site-packages/tensorflow/python/keras/engine/base_layer_v1.py:1692: UserWarning: `layer.apply` is deprecated and will be removed in a future version. Please use `layer.__call__` method instead.
  warnings.warn('`layer.apply` is deprecated and '
Saving loss history to /gscratch/psicenter/akaptano/Psi-Tet-v2/deepxde/examples/loss.dat ...
Saving training data to /gscratch/psicenter/akaptano/Psi-Tet-v2/deepxde/examples/train.dat ...
Saving test data to /gscratch/psicenter/akaptano/Psi-Tet-v2/deepxde/examples/test.dat ...
(100, 100)
(10000, 2) (100, 100)
Accuracy
Mean residual: 0.00018226138
